<?xml version="1.0" encoding="UTF-8"?>
<!-- Generated by org.testng.reporters.JUnitXMLReporter -->
<testsuite hostname="SHADOWS" ignored="0" name="Default test" tests="3" failures="0" timestamp="22 Oct 2017 19:31:40 GMT" time="0.057" errors="0">
  <testcase name="FlightBooking" time="0.007" classname="packTwo.Annotations"/>
  <testcase name="FlightCancel" time="0.001" classname="packTwo.Annotations"/>
  <testcase name="OpeningBrowser" time="0.002" classname="packTwo.Annotations"/>
</testsuite> <!-- Default test -->
