<?xml version="1.0" encoding="UTF-8"?>
<!-- Generated by org.testng.reporters.JUnitXMLReporter -->
<testsuite hostname="SHADOWS" ignored="3" name="Smoke Testcases" tests="1" failures="0" timestamp="22 Oct 2017 22:36:58 GMT" time="0.064" errors="0">
  <testcase name="FlightCancel" time="0.021" classname="packTwo.Annotations"/>
  <testcase name="OpeningBrowser" time="0.0" classname="packTwo.Annotations">
    <ignored/>
  </testcase> <!-- OpeningBrowser -->
  <testcase name="FlightBooking" time="0.0" classname="packTwo.Annotations">
    <ignored/>
  </testcase> <!-- FlightBooking -->
  <testcase name="software" time="0.0" classname="testngFiles.Annot2">
    <ignored/>
  </testcase> <!-- software -->
</testsuite> <!-- Smoke Testcases -->
